<?xml version="1.0" encoding="UTF-8"?>
<!-- Generated by org.testng.reporters.JUnitXMLReporter -->
<testsuite ignored="0" hostname="LAPTOP-555redgreen" failures="0" tests="3" name="Default test" time="55.566" errors="0" timestamp="2023-02-07T22:31:52 IST">
  <testcase classname="com.qa.jupiter.tests.ContactPageTest" name="validateConfirmationMessage" time="16.339"/>
  <testcase classname="com.qa.jupiter.tests.ContactPageTest" name="validateConfirmationMessage" time="16.375"/>
  <testcase classname="com.qa.jupiter.tests.ContactPageTest" name="validateContactPage" time="10.403"/>
</testsuite> <!-- Default test -->
